<?xml version="1.0" encoding="UTF-8"?>
<testng-results ignored="0" total="1" passed="1" failed="0" skipped="0">
  <reporter-output>
  </reporter-output>
  <suite started-at="2023-04-06T11:57:41 EDT" name="Default suite" finished-at="2023-04-06T11:57:41 EDT" duration-ms="284">
    <groups>
    </groups>
    <test started-at="2023-04-06T11:57:41 EDT" name="Default test" finished-at="2023-04-06T11:57:41 EDT" duration-ms="284">
      <class name="basicTests.BasicTest">
        <test-method signature="verifysum()[pri:0, instance:basicTests.BasicTest@69997e9d]" started-at="2023-04-06T11:57:41 EDT" name="verifysum" finished-at="2023-04-06T11:57:41 EDT" duration-ms="257" status="PASS">
          <reporter-output>
          </reporter-output>
        </test-method> <!-- verifysum -->
      </class> <!-- basicTests.BasicTest -->
    </test> <!-- Default test -->
  </suite> <!-- Default suite -->
</testng-results>
