<?xml version="1.0" encoding="UTF-8"?>
<testng-results ignored="0" total="1" passed="1" failed="0" skipped="0">
  <reporter-output>
  </reporter-output>
  <suite started-at="2023-04-06T15:33:34 EDT" name="Suite" finished-at="2023-04-06T15:33:34 EDT" duration-ms="27">
    <groups>
    </groups>
    <test started-at="2023-04-06T15:33:34 EDT" name="Test" finished-at="2023-04-06T15:33:34 EDT" duration-ms="27">
      <class name="Basic.HelloWorld">
        <test-method signature="main()[pri:0, instance:Basic.HelloWorld@4e268090]" started-at="2023-04-06T15:33:34 EDT" name="main" finished-at="2023-04-06T15:33:34 EDT" duration-ms="5" status="PASS">
          <reporter-output>
          </reporter-output>
        </test-method> <!-- main -->
      </class> <!-- Basic.HelloWorld -->
    </test> <!-- Test -->
  </suite> <!-- Suite -->
</testng-results>
