<?xml version="1.0" encoding="UTF-8"?>
<testng-results ignored="0" total="1" passed="1" failed="0" skipped="0">
  <reporter-output>
  </reporter-output>
  <suite started-at="2023-04-07T14:45:34 EDT" name="Suite" finished-at="2023-04-07T14:45:34 EDT" duration-ms="281">
    <groups>
    </groups>
    <test started-at="2023-04-07T14:45:34 EDT" name="Test" finished-at="2023-04-07T14:45:34 EDT" duration-ms="281">
      <class name="basicTests.BasicTest">
        <test-method signature="verifysum()[pri:0, instance:basicTests.BasicTest@29647f75]" started-at="2023-04-07T14:45:34 EDT" name="verifysum" finished-at="2023-04-07T14:45:34 EDT" duration-ms="258" status="PASS">
          <reporter-output>
          </reporter-output>
        </test-method> <!-- verifysum -->
      </class> <!-- basicTests.BasicTest -->
    </test> <!-- Test -->
  </suite> <!-- Suite -->
</testng-results>
